<?xml version="1.0" encoding="UTF-8"?>
<!-- Generated by org.testng.reporters.JUnitReportReporter -->
<testsuite hostname="DESKTOP-EBNV7TP" failures="0" tests="2" name="Automation.Verizon_jenkins.MobileTest" time="0.002" errors="0" timestamp="2023-07-26T12:38:02 IST" skipped="0">
  <testcase classname="Automation.Verizon_jenkins.MobileTest" name="Logut" time="0.002"/>
  <testcase classname="Automation.Verizon_jenkins.MobileTest" name="login" time="0.000"/>
</testsuite> <!-- Automation.Verizon_jenkins.MobileTest -->
